[     -26ms] [LOG] JQMIGRATE: Migrate is installed with logging active, version 3.4.1 @ https://academybugs.com/wp-includes/js/jquery/jquery-migrate.js?ver=3.4.1:103
[      -1ms] [ERROR] Failed to load resource: net::ERR_NAME_NOT_RESOLVED @ https://cdn.polyfill.io/v2/polyfill.min.js:0
[      23ms] [WARNING] JQMIGRATE: jQuery.fn.resize() event shorthand is deprecated @ https://academybugs.com/wp-includes/js/jquery/jquery-migrate.js?ver=3.4.1:135
[      29ms] [WARNING] JQMIGRATE: jQuery.fn.click() event shorthand is deprecated @ https://academybugs.com/wp-includes/js/jquery/jquery-migrate.js?ver=3.4.1:135
[      29ms] [WARNING] JQMIGRATE: jQuery.fn.change() event shorthand is deprecated @ https://academybugs.com/wp-includes/js/jquery/jquery-migrate.js?ver=3.4.1:135
[      29ms] [WARNING] JQMIGRATE: jQuery.fn.submit() event shorthand is deprecated @ https://academybugs.com/wp-includes/js/jquery/jquery-migrate.js?ver=3.4.1:135
[      30ms] [WARNING] JQMIGRATE: jQuery.fn.hover() is deprecated @ https://academybugs.com/wp-includes/js/jquery/jquery-migrate.js?ver=3.4.1:135
[      33ms] [LOG] init popups ✔ @ https://academybugs.com/wp-content/plugins/popup-maker/dist/assets/site.js?defer&ver=1.21.0:0
[      37ms] [WARNING] JQMIGRATE: jQuery.fn.scroll() event shorthand is deprecated @ https://academybugs.com/wp-includes/js/jquery/jquery-migrate.js?ver=3.4.1:135
[      38ms] [WARNING] JQMIGRATE: jQuery.fn.bind() is deprecated @ https://academybugs.com/wp-includes/js/jquery/jquery-migrate.js?ver=3.4.1:135
[      38ms] [LOG] fire cmplz_event_statistics @ https://academybugs.com/wp-content/plugins/complianz-gdpr/assets/js/complianz.js?ver=4.7.51776806180:476
[      40ms] [LOG] opt-in @ https://academybugs.com/wp-content/plugins/complianz-gdpr/assets/js/complianz.js?ver=4.7.51776806180:650
[      40ms] [LOG] fire cmplz_event_functional @ https://academybugs.com/wp-content/plugins/complianz-gdpr/assets/js/complianz.js?ver=4.7.51776806180:532
[      40ms] [LOG] fire cmplz_event_marketing @ https://academybugs.com/wp-content/plugins/complianz-gdpr/assets/js/complianz.js?ver=4.7.51776806180:532
[      42ms] [LOG] myStickymenu: Entered Sticky Class does not exist, change it in Dashboard / Settings / myStickymenu / Sticky Class.  @ https://academybugs.com/wp-content/plugins/mystickymenu/js/mystickymenu.min.js?ver=2.7.4:0
[      95ms] [LOG] JQMIGRATE: Migrate is installed with logging active, version 3.4.1 @ https://academybugs.com/wp-includes/js/jquery/jquery-migrate.js?ver=3.4.1:103
[     192ms] [ERROR] Failed to load resource: net::ERR_NAME_NOT_RESOLVED @ https://cdn.polyfill.io/v2/polyfill.min.js:0
[     215ms] [WARNING] JQMIGRATE: jQuery.fn.resize() event shorthand is deprecated @ https://academybugs.com/wp-includes/js/jquery/jquery-migrate.js?ver=3.4.1:135
[     225ms] [WARNING] JQMIGRATE: jQuery.fn.click() event shorthand is deprecated @ https://academybugs.com/wp-includes/js/jquery/jquery-migrate.js?ver=3.4.1:135
[     225ms] [WARNING] JQMIGRATE: jQuery.fn.change() event shorthand is deprecated @ https://academybugs.com/wp-includes/js/jquery/jquery-migrate.js?ver=3.4.1:135
[     225ms] [WARNING] JQMIGRATE: jQuery.fn.submit() event shorthand is deprecated @ https://academybugs.com/wp-includes/js/jquery/jquery-migrate.js?ver=3.4.1:135
[     226ms] [WARNING] JQMIGRATE: jQuery.fn.hover() is deprecated @ https://academybugs.com/wp-includes/js/jquery/jquery-migrate.js?ver=3.4.1:135
[     234ms] [LOG] init popups ✔ @ https://academybugs.com/wp-content/plugins/popup-maker/dist/assets/site.js?defer&ver=1.21.0:0
[     242ms] [WARNING] JQMIGRATE: jQuery.fn.scroll() event shorthand is deprecated @ https://academybugs.com/wp-includes/js/jquery/jquery-migrate.js?ver=3.4.1:135
[     242ms] [WARNING] JQMIGRATE: jQuery.fn.bind() is deprecated @ https://academybugs.com/wp-includes/js/jquery/jquery-migrate.js?ver=3.4.1:135
[     242ms] [LOG] fire cmplz_event_statistics @ https://academybugs.com/wp-content/plugins/complianz-gdpr/assets/js/complianz.js?ver=4.7.51776806236:476
[     244ms] [LOG] opt-in @ https://academybugs.com/wp-content/plugins/complianz-gdpr/assets/js/complianz.js?ver=4.7.51776806236:650
[     245ms] [LOG] fire cmplz_event_functional @ https://academybugs.com/wp-content/plugins/complianz-gdpr/assets/js/complianz.js?ver=4.7.51776806236:532
[     245ms] [LOG] fire cmplz_event_marketing @ https://academybugs.com/wp-content/plugins/complianz-gdpr/assets/js/complianz.js?ver=4.7.51776806236:532
[     247ms] [LOG] myStickymenu: Entered Sticky Class does not exist, change it in Dashboard / Settings / myStickymenu / Sticky Class.  @ https://academybugs.com/wp-content/plugins/mystickymenu/js/mystickymenu.min.js?ver=2.7.4:0
